  BHand.cpp
C:\allegrohand\3-1. bhand_visual_studio_20231016\bhand\BHand\BHand.cpp(444,38): warning C4244: '=': 'double'에서 'float'(으)로 변환하면서 데이터가 손실될 수 있습니다.
C:\allegrohand\3-1. bhand_visual_studio_20231016\bhand\BHand\BHand.cpp(445,38): warning C4244: '=': 'double'에서 'float'(으)로 변환하면서 데이터가 손실될 수 있습니다.
C:\allegrohand\3-1. bhand_visual_studio_20231016\bhand\BHand\BHand.cpp(446,38): warning C4244: '=': 'double'에서 'float'(으)로 변환하면서 데이터가 손실될 수 있습니다.
C:\allegrohand\3-1. bhand_visual_studio_20231016\bhand\BHand\BHand.cpp(454,26): warning C4244: '=': 'double'에서 'float'(으)로 변환하면서 데이터가 손실될 수 있습니다.
C:\allegrohand\3-1. bhand_visual_studio_20231016\bhand\BHand\BHand.cpp(455,26): warning C4244: '=': 'double'에서 'float'(으)로 변환하면서 데이터가 손실될 수 있습니다.
C:\allegrohand\3-1. bhand_visual_studio_20231016\bhand\BHand\BHand.cpp(456,26): warning C4244: '=': 'double'에서 'float'(으)로 변환하면서 데이터가 손실될 수 있습니다.
C:\allegrohand\3-1. bhand_visual_studio_20231016\bhand\BHand\BHand.cpp(462,22): warning C4244: '=': 'double'에서 'float'(으)로 변환하면서 데이터가 손실될 수 있습니다.
C:\allegrohand\3-1. bhand_visual_studio_20231016\bhand\BHand\BHand.cpp(463,22): warning C4244: '=': 'double'에서 'float'(으)로 변환하면서 데이터가 손실될 수 있습니다.
C:\allegrohand\3-1. bhand_visual_studio_20231016\bhand\BHand\BHand.cpp(464,22): warning C4244: '=': 'double'에서 'float'(으)로 변환하면서 데이터가 손실될 수 있습니다.
C:\allegrohand\3-1. bhand_visual_studio_20231016\bhand\BHand\BHand.cpp(470,41): warning C4244: '=': 'double'에서 'float'(으)로 변환하면서 데이터가 손실될 수 있습니다.
C:\allegrohand\3-1. bhand_visual_studio_20231016\bhand\BHand\BHand.cpp(471,41): warning C4244: '=': 'double'에서 'float'(으)로 변환하면서 데이터가 손실될 수 있습니다.
C:\allegrohand\3-1. bhand_visual_studio_20231016\bhand\BHand\BHand.cpp(472,41): warning C4244: '=': 'double'에서 'float'(으)로 변환하면서 데이터가 손실될 수 있습니다.
C:\allegrohand\3-1. bhand_visual_studio_20231016\bhand\BHand\BHand.cpp(473,41): warning C4244: '=': 'double'에서 'float'(으)로 변환하면서 데이터가 손실될 수 있습니다.
C:\allegrohand\3-1. bhand_visual_studio_20231016\bhand\BHand\BHand.cpp(484,56): warning C4244: '=': 'double'에서 'float'(으)로 변환하면서 데이터가 손실될 수 있습니다.
C:\allegrohand\3-1. bhand_visual_studio_20231016\bhand\BHand\BHand.cpp(485,56): warning C4244: '=': 'double'에서 'float'(으)로 변환하면서 데이터가 손실될 수 있습니다.
C:\allegrohand\3-1. bhand_visual_studio_20231016\bhand\BHand\BHand.cpp(486,56): warning C4244: '=': 'double'에서 'float'(으)로 변환하면서 데이터가 손실될 수 있습니다.
C:\allegrohand\3-1. bhand_visual_studio_20231016\bhand\BHand\BHand.cpp(487,56): warning C4244: '=': 'double'에서 'float'(으)로 변환하면서 데이터가 손실될 수 있습니다.
C:\allegrohand\3-1. bhand_visual_studio_20231016\bhand\BHand\BHand.cpp(491,87): warning C4244: '=': 'double'에서 'float'(으)로 변환하면서 데이터가 손실될 수 있습니다.
C:\allegrohand\3-1. bhand_visual_studio_20231016\bhand\BHand\BHand.cpp(492,87): warning C4244: '=': 'double'에서 'float'(으)로 변환하면서 데이터가 손실될 수 있습니다.
C:\allegrohand\3-1. bhand_visual_studio_20231016\bhand\BHand\BHand.cpp(493,87): warning C4244: '=': 'double'에서 'float'(으)로 변환하면서 데이터가 손실될 수 있습니다.
C:\allegrohand\3-1. bhand_visual_studio_20231016\bhand\BHand\BHand.cpp(494,87): warning C4244: '=': 'double'에서 'float'(으)로 변환하면서 데이터가 손실될 수 있습니다.
C:\allegrohand\3-1. bhand_visual_studio_20231016\bhand\BHand\BHand.cpp(498,87): warning C4244: '=': 'double'에서 'float'(으)로 변환하면서 데이터가 손실될 수 있습니다.
C:\allegrohand\3-1. bhand_visual_studio_20231016\bhand\BHand\BHand.cpp(499,87): warning C4244: '=': 'double'에서 'float'(으)로 변환하면서 데이터가 손실될 수 있습니다.
C:\allegrohand\3-1. bhand_visual_studio_20231016\bhand\BHand\BHand.cpp(500,87): warning C4244: '=': 'double'에서 'float'(으)로 변환하면서 데이터가 손실될 수 있습니다.
C:\allegrohand\3-1. bhand_visual_studio_20231016\bhand\BHand\BHand.cpp(501,87): warning C4244: '=': 'double'에서 'float'(으)로 변환하면서 데이터가 손실될 수 있습니다.
C:\allegrohand\3-1. bhand_visual_studio_20231016\bhand\BHand\BHand.cpp(505,112): warning C4244: '=': 'double'에서 'float'(으)로 변환하면서 데이터가 손실될 수 있습니다.
C:\allegrohand\3-1. bhand_visual_studio_20231016\bhand\BHand\BHand.cpp(506,112): warning C4244: '=': 'double'에서 'float'(으)로 변환하면서 데이터가 손실될 수 있습니다.
C:\allegrohand\3-1. bhand_visual_studio_20231016\bhand\BHand\BHand.cpp(507,112): warning C4244: '=': 'double'에서 'float'(으)로 변환하면서 데이터가 손실될 수 있습니다.
C:\allegrohand\3-1. bhand_visual_studio_20231016\bhand\BHand\BHand.cpp(508,112): warning C4244: '=': 'double'에서 'float'(으)로 변환하면서 데이터가 손실될 수 있습니다.
C:\allegrohand\3-1. bhand_visual_studio_20231016\bhand\BHand\BHand.cpp(512,28): warning C4244: '=': 'double'에서 'float'(으)로 변환하면서 데이터가 손실될 수 있습니다.
C:\allegrohand\3-1. bhand_visual_studio_20231016\bhand\BHand\BHand.cpp(513,28): warning C4244: '=': 'double'에서 'float'(으)로 변환하면서 데이터가 손실될 수 있습니다.
C:\allegrohand\3-1. bhand_visual_studio_20231016\bhand\BHand\BHand.cpp(514,28): warning C4244: '=': 'double'에서 'float'(으)로 변환하면서 데이터가 손실될 수 있습니다.
C:\allegrohand\3-1. bhand_visual_studio_20231016\bhand\BHand\BHand.cpp(515,28): warning C4244: '=': 'double'에서 'float'(으)로 변환하면서 데이터가 손실될 수 있습니다.
C:\allegrohand\3-1. bhand_visual_studio_20231016\bhand\BHand\BHand.cpp(658,21): warning C4244: '=': 'double'에서 'float'(으)로 변환하면서 데이터가 손실될 수 있습니다.
C:\allegrohand\3-1. bhand_visual_studio_20231016\bhand\BHand\BHand.cpp(660,32): warning C4244: '=': 'double'에서 'float'(으)로 변환하면서 데이터가 손실될 수 있습니다.
C:\allegrohand\3-1. bhand_visual_studio_20231016\bhand\BHand\BHand.cpp(661,32): warning C4244: '=': 'double'에서 'float'(으)로 변환하면서 데이터가 손실될 수 있습니다.
C:\allegrohand\3-1. bhand_visual_studio_20231016\bhand\BHand\BHand.cpp(662,32): warning C4244: '=': 'double'에서 'float'(으)로 변환하면서 데이터가 손실될 수 있습니다.
C:\allegrohand\3-1. bhand_visual_studio_20231016\bhand\BHand\BHand.cpp(678,96): warning C4244: '인수': 'double'에서 'float'(으)로 변환하면서 데이터가 손실될 수 있습니다.
C:\allegrohand\3-1. bhand_visual_studio_20231016\bhand\BHand\BHand.cpp(679,96): warning C4244: '인수': 'double'에서 'float'(으)로 변환하면서 데이터가 손실될 수 있습니다.
C:\allegrohand\3-1. bhand_visual_studio_20231016\bhand\BHand\BHand.cpp(680,96): warning C4244: '인수': 'double'에서 'float'(으)로 변환하면서 데이터가 손실될 수 있습니다.
C:\allegrohand\3-1. bhand_visual_studio_20231016\bhand\BHand\BHand.cpp(682,34): warning C4244: '=': 'double'에서 'float'(으)로 변환하면서 데이터가 손실될 수 있습니다.
C:\allegrohand\3-1. bhand_visual_studio_20231016\bhand\BHand\BHand.cpp(683,34): warning C4244: '=': 'double'에서 'float'(으)로 변환하면서 데이터가 손실될 수 있습니다.
C:\allegrohand\3-1. bhand_visual_studio_20231016\bhand\BHand\BHand.cpp(684,34): warning C4244: '=': 'double'에서 'float'(으)로 변환하면서 데이터가 손실될 수 있습니다.
C:\allegrohand\3-1. bhand_visual_studio_20231016\bhand\BHand\BHand.cpp(686,34): warning C4244: '=': 'double'에서 'float'(으)로 변환하면서 데이터가 손실될 수 있습니다.
C:\allegrohand\3-1. bhand_visual_studio_20231016\bhand\BHand\BHand.cpp(687,34): warning C4244: '=': 'double'에서 'float'(으)로 변환하면서 데이터가 손실될 수 있습니다.
C:\allegrohand\3-1. bhand_visual_studio_20231016\bhand\BHand\BHand.cpp(688,34): warning C4244: '=': 'double'에서 'float'(으)로 변환하면서 데이터가 손실될 수 있습니다.
C:\allegrohand\3-1. bhand_visual_studio_20231016\bhand\BHand\BHand.cpp(690,34): warning C4244: '=': 'double'에서 'float'(으)로 변환하면서 데이터가 손실될 수 있습니다.
C:\allegrohand\3-1. bhand_visual_studio_20231016\bhand\BHand\BHand.cpp(691,34): warning C4244: '=': 'double'에서 'float'(으)로 변환하면서 데이터가 손실될 수 있습니다.
C:\allegrohand\3-1. bhand_visual_studio_20231016\bhand\BHand\BHand.cpp(692,34): warning C4244: '=': 'double'에서 'float'(으)로 변환하면서 데이터가 손실될 수 있습니다.
C:\allegrohand\3-1. bhand_visual_studio_20231016\bhand\BHand\BHand.cpp(729,21): warning C4244: '=': 'double'에서 'float'(으)로 변환하면서 데이터가 손실될 수 있습니다.
C:\allegrohand\3-1. bhand_visual_studio_20231016\bhand\BHand\BHand.cpp(731,41): warning C4244: '=': 'double'에서 'float'(으)로 변환하면서 데이터가 손실될 수 있습니다.
C:\allegrohand\3-1. bhand_visual_studio_20231016\bhand\BHand\BHand.cpp(732,41): warning C4244: '=': 'double'에서 'float'(으)로 변환하면서 데이터가 손실될 수 있습니다.
C:\allegrohand\3-1. bhand_visual_studio_20231016\bhand\BHand\BHand.cpp(733,41): warning C4244: '=': 'double'에서 'float'(으)로 변환하면서 데이터가 손실될 수 있습니다.
C:\allegrohand\3-1. bhand_visual_studio_20231016\bhand\BHand\BHand.cpp(750,96): warning C4244: '인수': 'double'에서 'float'(으)로 변환하면서 데이터가 손실될 수 있습니다.
C:\allegrohand\3-1. bhand_visual_studio_20231016\bhand\BHand\BHand.cpp(751,96): warning C4244: '인수': 'double'에서 'float'(으)로 변환하면서 데이터가 손실될 수 있습니다.
C:\allegrohand\3-1. bhand_visual_studio_20231016\bhand\BHand\BHand.cpp(752,96): warning C4244: '인수': 'double'에서 'float'(으)로 변환하면서 데이터가 손실될 수 있습니다.
C:\allegrohand\3-1. bhand_visual_studio_20231016\bhand\BHand\BHand.cpp(753,96): warning C4244: '인수': 'double'에서 'float'(으)로 변환하면서 데이터가 손실될 수 있습니다.
C:\allegrohand\3-1. bhand_visual_studio_20231016\bhand\BHand\BHand.cpp(755,34): warning C4244: '=': 'double'에서 'float'(으)로 변환하면서 데이터가 손실될 수 있습니다.
C:\allegrohand\3-1. bhand_visual_studio_20231016\bhand\BHand\BHand.cpp(756,34): warning C4244: '=': 'double'에서 'float'(으)로 변환하면서 데이터가 손실될 수 있습니다.
C:\allegrohand\3-1. bhand_visual_studio_20231016\bhand\BHand\BHand.cpp(757,34): warning C4244: '=': 'double'에서 'float'(으)로 변환하면서 데이터가 손실될 수 있습니다.
C:\allegrohand\3-1. bhand_visual_studio_20231016\bhand\BHand\BHand.cpp(759,34): warning C4244: '=': 'double'에서 'float'(으)로 변환하면서 데이터가 손실될 수 있습니다.
C:\allegrohand\3-1. bhand_visual_studio_20231016\bhand\BHand\BHand.cpp(760,34): warning C4244: '=': 'double'에서 'float'(으)로 변환하면서 데이터가 손실될 수 있습니다.
C:\allegrohand\3-1. bhand_visual_studio_20231016\bhand\BHand\BHand.cpp(761,34): warning C4244: '=': 'double'에서 'float'(으)로 변환하면서 데이터가 손실될 수 있습니다.
C:\allegrohand\3-1. bhand_visual_studio_20231016\bhand\BHand\BHand.cpp(763,34): warning C4244: '=': 'double'에서 'float'(으)로 변환하면서 데이터가 손실될 수 있습니다.
C:\allegrohand\3-1. bhand_visual_studio_20231016\bhand\BHand\BHand.cpp(764,34): warning C4244: '=': 'double'에서 'float'(으)로 변환하면서 데이터가 손실될 수 있습니다.
C:\allegrohand\3-1. bhand_visual_studio_20231016\bhand\BHand\BHand.cpp(765,34): warning C4244: '=': 'double'에서 'float'(으)로 변환하면서 데이터가 손실될 수 있습니다.
C:\allegrohand\3-1. bhand_visual_studio_20231016\bhand\BHand\BHand.cpp(767,34): warning C4244: '=': 'double'에서 'float'(으)로 변환하면서 데이터가 손실될 수 있습니다.
C:\allegrohand\3-1. bhand_visual_studio_20231016\bhand\BHand\BHand.cpp(768,34): warning C4244: '=': 'double'에서 'float'(으)로 변환하면서 데이터가 손실될 수 있습니다.
C:\allegrohand\3-1. bhand_visual_studio_20231016\bhand\BHand\BHand.cpp(769,34): warning C4244: '=': 'double'에서 'float'(으)로 변환하면서 데이터가 손실될 수 있습니다.
C:\allegrohand\3-1. bhand_visual_studio_20231016\bhand\BHand\BHand.cpp(821,21): warning C4244: '=': 'double'에서 'float'(으)로 변환하면서 데이터가 손실될 수 있습니다.
C:\allegrohand\3-1. bhand_visual_studio_20231016\bhand\BHand\BHand.cpp(823,32): warning C4244: '=': 'double'에서 'float'(으)로 변환하면서 데이터가 손실될 수 있습니다.
C:\allegrohand\3-1. bhand_visual_studio_20231016\bhand\BHand\BHand.cpp(824,32): warning C4244: '=': 'double'에서 'float'(으)로 변환하면서 데이터가 손실될 수 있습니다.
C:\allegrohand\3-1. bhand_visual_studio_20231016\bhand\BHand\BHand.cpp(825,32): warning C4244: '=': 'double'에서 'float'(으)로 변환하면서 데이터가 손실될 수 있습니다.
C:\allegrohand\3-1. bhand_visual_studio_20231016\bhand\BHand\BHand.cpp(836,96): warning C4244: '인수': 'double'에서 'float'(으)로 변환하면서 데이터가 손실될 수 있습니다.
C:\allegrohand\3-1. bhand_visual_studio_20231016\bhand\BHand\BHand.cpp(837,96): warning C4244: '인수': 'double'에서 'float'(으)로 변환하면서 데이터가 손실될 수 있습니다.
C:\allegrohand\3-1. bhand_visual_studio_20231016\bhand\BHand\BHand.cpp(839,34): warning C4244: '=': 'double'에서 'float'(으)로 변환하면서 데이터가 손실될 수 있습니다.
C:\allegrohand\3-1. bhand_visual_studio_20231016\bhand\BHand\BHand.cpp(840,34): warning C4244: '=': 'double'에서 'float'(으)로 변환하면서 데이터가 손실될 수 있습니다.
C:\allegrohand\3-1. bhand_visual_studio_20231016\bhand\BHand\BHand.cpp(841,34): warning C4244: '=': 'double'에서 'float'(으)로 변환하면서 데이터가 손실될 수 있습니다.
C:\allegrohand\3-1. bhand_visual_studio_20231016\bhand\BHand\BHand.cpp(843,34): warning C4244: '=': 'double'에서 'float'(으)로 변환하면서 데이터가 손실될 수 있습니다.
C:\allegrohand\3-1. bhand_visual_studio_20231016\bhand\BHand\BHand.cpp(844,34): warning C4244: '=': 'double'에서 'float'(으)로 변환하면서 데이터가 손실될 수 있습니다.
C:\allegrohand\3-1. bhand_visual_studio_20231016\bhand\BHand\BHand.cpp(845,34): warning C4244: '=': 'double'에서 'float'(으)로 변환하면서 데이터가 손실될 수 있습니다.
C:\allegrohand\3-1. bhand_visual_studio_20231016\bhand\BHand\BHand.cpp(891,21): warning C4244: '=': 'double'에서 'float'(으)로 변환하면서 데이터가 손실될 수 있습니다.
C:\allegrohand\3-1. bhand_visual_studio_20231016\bhand\BHand\BHand.cpp(893,32): warning C4244: '=': 'double'에서 'float'(으)로 변환하면서 데이터가 손실될 수 있습니다.
C:\allegrohand\3-1. bhand_visual_studio_20231016\bhand\BHand\BHand.cpp(894,32): warning C4244: '=': 'double'에서 'float'(으)로 변환하면서 데이터가 손실될 수 있습니다.
C:\allegrohand\3-1. bhand_visual_studio_20231016\bhand\BHand\BHand.cpp(895,32): warning C4244: '=': 'double'에서 'float'(으)로 변환하면서 데이터가 손실될 수 있습니다.
C:\allegrohand\3-1. bhand_visual_studio_20231016\bhand\BHand\BHand.cpp(906,96): warning C4244: '인수': 'double'에서 'float'(으)로 변환하면서 데이터가 손실될 수 있습니다.
C:\allegrohand\3-1. bhand_visual_studio_20231016\bhand\BHand\BHand.cpp(907,96): warning C4244: '인수': 'double'에서 'float'(으)로 변환하면서 데이터가 손실될 수 있습니다.
C:\allegrohand\3-1. bhand_visual_studio_20231016\bhand\BHand\BHand.cpp(909,34): warning C4244: '=': 'double'에서 'float'(으)로 변환하면서 데이터가 손실될 수 있습니다.
C:\allegrohand\3-1. bhand_visual_studio_20231016\bhand\BHand\BHand.cpp(910,34): warning C4244: '=': 'double'에서 'float'(으)로 변환하면서 데이터가 손실될 수 있습니다.
C:\allegrohand\3-1. bhand_visual_studio_20231016\bhand\BHand\BHand.cpp(911,34): warning C4244: '=': 'double'에서 'float'(으)로 변환하면서 데이터가 손실될 수 있습니다.
C:\allegrohand\3-1. bhand_visual_studio_20231016\bhand\BHand\BHand.cpp(913,34): warning C4244: '=': 'double'에서 'float'(으)로 변환하면서 데이터가 손실될 수 있습니다.
C:\allegrohand\3-1. bhand_visual_studio_20231016\bhand\BHand\BHand.cpp(914,34): warning C4244: '=': 'double'에서 'float'(으)로 변환하면서 데이터가 손실될 수 있습니다.
C:\allegrohand\3-1. bhand_visual_studio_20231016\bhand\BHand\BHand.cpp(915,34): warning C4244: '=': 'double'에서 'float'(으)로 변환하면서 데이터가 손실될 수 있습니다.
C:\allegrohand\3-1. bhand_visual_studio_20231016\bhand\BHand\BHand.cpp(1407,1): warning C4819: 현재 코드 페이지(949)에서 표시할 수 없는 문자가 파일에 들어 있습니다. 데이터가 손실되지 않게 하려면 해당 파일을 유니코드 형식으로 저장하십시오.
C:\allegrohand\3-1. bhand_visual_studio_20231016\bhand\BHand\BHand.cpp(1770,1): warning C4819: 현재 코드 페이지(949)에서 표시할 수 없는 문자가 파일에 들어 있습니다. 데이터가 손실되지 않게 하려면 해당 파일을 유니코드 형식으로 저장하십시오.
  BHandGain.cpp
C:\allegrohand\3-1. bhand_visual_studio_20231016\bhand\BHand\BHandGain.cpp(443,30): warning C4244: '인수': 'double'에서 'float'(으)로 변환하면서 데이터가 손실될 수 있습니다.
C:\allegrohand\3-1. bhand_visual_studio_20231016\bhand\BHand\BHandGain.cpp(444,30): warning C4244: '인수': 'double'에서 'float'(으)로 변환하면서 데이터가 손실될 수 있습니다.
C:\allegrohand\3-1. bhand_visual_studio_20231016\bhand\BHand\BHandGain.cpp(445,30): warning C4244: '인수': 'double'에서 'float'(으)로 변환하면서 데이터가 손실될 수 있습니다.
C:\allegrohand\3-1. bhand_visual_studio_20231016\bhand\BHand\BHandGain.cpp(446,30): warning C4244: '인수': 'double'에서 'float'(으)로 변환하면서 데이터가 손실될 수 있습니다.
C:\allegrohand\3-1. bhand_visual_studio_20231016\bhand\BHand\BHandGain.cpp(448,30): warning C4244: '인수': 'double'에서 'float'(으)로 변환하면서 데이터가 손실될 수 있습니다.
C:\allegrohand\3-1. bhand_visual_studio_20231016\bhand\BHand\BHandGain.cpp(449,30): warning C4244: '인수': 'double'에서 'float'(으)로 변환하면서 데이터가 손실될 수 있습니다.
C:\allegrohand\3-1. bhand_visual_studio_20231016\bhand\BHand\BHandGain.cpp(450,30): warning C4244: '인수': 'double'에서 'float'(으)로 변환하면서 데이터가 손실될 수 있습니다.
C:\allegrohand\3-1. bhand_visual_studio_20231016\bhand\BHand\BHandGain.cpp(451,30): warning C4244: '인수': 'double'에서 'float'(으)로 변환하면서 데이터가 손실될 수 있습니다.
C:\allegrohand\3-1. bhand_visual_studio_20231016\bhand\BHand\BHandGain.cpp(453,30): warning C4244: '인수': 'double'에서 'float'(으)로 변환하면서 데이터가 손실될 수 있습니다.
C:\allegrohand\3-1. bhand_visual_studio_20231016\bhand\BHand\BHandGain.cpp(454,30): warning C4244: '인수': 'double'에서 'float'(으)로 변환하면서 데이터가 손실될 수 있습니다.
C:\allegrohand\3-1. bhand_visual_studio_20231016\bhand\BHand\BHandGain.cpp(455,30): warning C4244: '인수': 'double'에서 'float'(으)로 변환하면서 데이터가 손실될 수 있습니다.
C:\allegrohand\3-1. bhand_visual_studio_20231016\bhand\BHand\BHandGain.cpp(456,30): warning C4244: '인수': 'double'에서 'float'(으)로 변환하면서 데이터가 손실될 수 있습니다.
C:\allegrohand\3-1. bhand_visual_studio_20231016\bhand\BHand\BHandGain.cpp(458,30): warning C4244: '인수': 'double'에서 'float'(으)로 변환하면서 데이터가 손실될 수 있습니다.
C:\allegrohand\3-1. bhand_visual_studio_20231016\bhand\BHand\BHandGain.cpp(459,30): warning C4244: '인수': 'double'에서 'float'(으)로 변환하면서 데이터가 손실될 수 있습니다.
C:\allegrohand\3-1. bhand_visual_studio_20231016\bhand\BHand\BHandGain.cpp(460,30): warning C4244: '인수': 'double'에서 'float'(으)로 변환하면서 데이터가 손실될 수 있습니다.
C:\allegrohand\3-1. bhand_visual_studio_20231016\bhand\BHand\BHandGain.cpp(461,30): warning C4244: '인수': 'double'에서 'float'(으)로 변환하면서 데이터가 손실될 수 있습니다.
C:\allegrohand\3-1. bhand_visual_studio_20231016\bhand\BHand\BHandGain.cpp(463,35): warning C4244: '인수': 'double'에서 'float'(으)로 변환하면서 데이터가 손실될 수 있습니다.
C:\allegrohand\3-1. bhand_visual_studio_20231016\bhand\BHand\BHandGain.cpp(464,35): warning C4244: '인수': 'double'에서 'float'(으)로 변환하면서 데이터가 손실될 수 있습니다.
C:\allegrohand\3-1. bhand_visual_studio_20231016\bhand\BHand\BHandGain.cpp(465,35): warning C4244: '인수': 'double'에서 'float'(으)로 변환하면서 데이터가 손실될 수 있습니다.
C:\allegrohand\3-1. bhand_visual_studio_20231016\bhand\BHand\BHandGain.cpp(466,35): warning C4244: '인수': 'double'에서 'float'(으)로 변환하면서 데이터가 손실될 수 있습니다.
C:\allegrohand\3-1. bhand_visual_studio_20231016\bhand\BHand\BHandGain.cpp(468,35): warning C4244: '인수': 'double'에서 'float'(으)로 변환하면서 데이터가 손실될 수 있습니다.
C:\allegrohand\3-1. bhand_visual_studio_20231016\bhand\BHand\BHandGain.cpp(469,35): warning C4244: '인수': 'double'에서 'float'(으)로 변환하면서 데이터가 손실될 수 있습니다.
C:\allegrohand\3-1. bhand_visual_studio_20231016\bhand\BHand\BHandGain.cpp(470,35): warning C4244: '인수': 'double'에서 'float'(으)로 변환하면서 데이터가 손실될 수 있습니다.
C:\allegrohand\3-1. bhand_visual_studio_20231016\bhand\BHand\BHandGain.cpp(471,35): warning C4244: '인수': 'double'에서 'float'(으)로 변환하면서 데이터가 손실될 수 있습니다.
C:\allegrohand\3-1. bhand_visual_studio_20231016\bhand\BHand\BHandGain.cpp(473,35): warning C4244: '인수': 'double'에서 'float'(으)로 변환하면서 데이터가 손실될 수 있습니다.
C:\allegrohand\3-1. bhand_visual_studio_20231016\bhand\BHand\BHandGain.cpp(474,35): warning C4244: '인수': 'double'에서 'float'(으)로 변환하면서 데이터가 손실될 수 있습니다.
C:\allegrohand\3-1. bhand_visual_studio_20231016\bhand\BHand\BHandGain.cpp(475,35): warning C4244: '인수': 'double'에서 'float'(으)로 변환하면서 데이터가 손실될 수 있습니다.
C:\allegrohand\3-1. bhand_visual_studio_20231016\bhand\BHand\BHandGain.cpp(476,35): warning C4244: '인수': 'double'에서 'float'(으)로 변환하면서 데이터가 손실될 수 있습니다.
C:\allegrohand\3-1. bhand_visual_studio_20231016\bhand\BHand\BHandGain.cpp(478,35): warning C4244: '인수': 'double'에서 'float'(으)로 변환하면서 데이터가 손실될 수 있습니다.
C:\allegrohand\3-1. bhand_visual_studio_20231016\bhand\BHand\BHandGain.cpp(479,35): warning C4244: '인수': 'double'에서 'float'(으)로 변환하면서 데이터가 손실될 수 있습니다.
C:\allegrohand\3-1. bhand_visual_studio_20231016\bhand\BHand\BHandGain.cpp(480,35): warning C4244: '인수': 'double'에서 'float'(으)로 변환하면서 데이터가 손실될 수 있습니다.
C:\allegrohand\3-1. bhand_visual_studio_20231016\bhand\BHand\BHandGain.cpp(481,35): warning C4244: '인수': 'double'에서 'float'(으)로 변환하면서 데이터가 손실될 수 있습니다.
C:\allegrohand\3-1. bhand_visual_studio_20231016\bhand\BHand\BHandGain.cpp(536,30): warning C4244: '인수': 'double'에서 'float'(으)로 변환하면서 데이터가 손실될 수 있습니다.
C:\allegrohand\3-1. bhand_visual_studio_20231016\bhand\BHand\BHandGain.cpp(537,30): warning C4244: '인수': 'double'에서 'float'(으)로 변환하면서 데이터가 손실될 수 있습니다.
C:\allegrohand\3-1. bhand_visual_studio_20231016\bhand\BHand\BHandGain.cpp(538,30): warning C4244: '인수': 'double'에서 'float'(으)로 변환하면서 데이터가 손실될 수 있습니다.
C:\allegrohand\3-1. bhand_visual_studio_20231016\bhand\BHand\BHandGain.cpp(539,30): warning C4244: '인수': 'double'에서 'float'(으)로 변환하면서 데이터가 손실될 수 있습니다.
C:\allegrohand\3-1. bhand_visual_studio_20231016\bhand\BHand\BHandGain.cpp(541,30): warning C4244: '인수': 'double'에서 'float'(으)로 변환하면서 데이터가 손실될 수 있습니다.
C:\allegrohand\3-1. bhand_visual_studio_20231016\bhand\BHand\BHandGain.cpp(542,30): warning C4244: '인수': 'double'에서 'float'(으)로 변환하면서 데이터가 손실될 수 있습니다.
C:\allegrohand\3-1. bhand_visual_studio_20231016\bhand\BHand\BHandGain.cpp(543,30): warning C4244: '인수': 'double'에서 'float'(으)로 변환하면서 데이터가 손실될 수 있습니다.
C:\allegrohand\3-1. bhand_visual_studio_20231016\bhand\BHand\BHandGain.cpp(544,30): warning C4244: '인수': 'double'에서 'float'(으)로 변환하면서 데이터가 손실될 수 있습니다.
C:\allegrohand\3-1. bhand_visual_studio_20231016\bhand\BHand\BHandGain.cpp(546,30): warning C4244: '인수': 'double'에서 'float'(으)로 변환하면서 데이터가 손실될 수 있습니다.
C:\allegrohand\3-1. bhand_visual_studio_20231016\bhand\BHand\BHandGain.cpp(547,30): warning C4244: '인수': 'double'에서 'float'(으)로 변환하면서 데이터가 손실될 수 있습니다.
C:\allegrohand\3-1. bhand_visual_studio_20231016\bhand\BHand\BHandGain.cpp(548,30): warning C4244: '인수': 'double'에서 'float'(으)로 변환하면서 데이터가 손실될 수 있습니다.
C:\allegrohand\3-1. bhand_visual_studio_20231016\bhand\BHand\BHandGain.cpp(549,30): warning C4244: '인수': 'double'에서 'float'(으)로 변환하면서 데이터가 손실될 수 있습니다.
C:\allegrohand\3-1. bhand_visual_studio_20231016\bhand\BHand\BHandGain.cpp(551,30): warning C4244: '인수': 'double'에서 'float'(으)로 변환하면서 데이터가 손실될 수 있습니다.
C:\allegrohand\3-1. bhand_visual_studio_20231016\bhand\BHand\BHandGain.cpp(552,30): warning C4244: '인수': 'double'에서 'float'(으)로 변환하면서 데이터가 손실될 수 있습니다.
C:\allegrohand\3-1. bhand_visual_studio_20231016\bhand\BHand\BHandGain.cpp(553,30): warning C4244: '인수': 'double'에서 'float'(으)로 변환하면서 데이터가 손실될 수 있습니다.
C:\allegrohand\3-1. bhand_visual_studio_20231016\bhand\BHand\BHandGain.cpp(554,30): warning C4244: '인수': 'double'에서 'float'(으)로 변환하면서 데이터가 손실될 수 있습니다.
C:\allegrohand\3-1. bhand_visual_studio_20231016\bhand\BHand\BHandGain.cpp(556,35): warning C4244: '인수': 'double'에서 'float'(으)로 변환하면서 데이터가 손실될 수 있습니다.
C:\allegrohand\3-1. bhand_visual_studio_20231016\bhand\BHand\BHandGain.cpp(557,35): warning C4244: '인수': 'double'에서 'float'(으)로 변환하면서 데이터가 손실될 수 있습니다.
C:\allegrohand\3-1. bhand_visual_studio_20231016\bhand\BHand\BHandGain.cpp(558,35): warning C4244: '인수': 'double'에서 'float'(으)로 변환하면서 데이터가 손실될 수 있습니다.
C:\allegrohand\3-1. bhand_visual_studio_20231016\bhand\BHand\BHandGain.cpp(559,35): warning C4244: '인수': 'double'에서 'float'(으)로 변환하면서 데이터가 손실될 수 있습니다.
C:\allegrohand\3-1. bhand_visual_studio_20231016\bhand\BHand\BHandGain.cpp(561,35): warning C4244: '인수': 'double'에서 'float'(으)로 변환하면서 데이터가 손실될 수 있습니다.
C:\allegrohand\3-1. bhand_visual_studio_20231016\bhand\BHand\BHandGain.cpp(562,35): warning C4244: '인수': 'double'에서 'float'(으)로 변환하면서 데이터가 손실될 수 있습니다.
C:\allegrohand\3-1. bhand_visual_studio_20231016\bhand\BHand\BHandGain.cpp(563,35): warning C4244: '인수': 'double'에서 'float'(으)로 변환하면서 데이터가 손실될 수 있습니다.
C:\allegrohand\3-1. bhand_visual_studio_20231016\bhand\BHand\BHandGain.cpp(564,35): warning C4244: '인수': 'double'에서 'float'(으)로 변환하면서 데이터가 손실될 수 있습니다.
C:\allegrohand\3-1. bhand_visual_studio_20231016\bhand\BHand\BHandGain.cpp(566,35): warning C4244: '인수': 'double'에서 'float'(으)로 변환하면서 데이터가 손실될 수 있습니다.
C:\allegrohand\3-1. bhand_visual_studio_20231016\bhand\BHand\BHandGain.cpp(567,35): warning C4244: '인수': 'double'에서 'float'(으)로 변환하면서 데이터가 손실될 수 있습니다.
C:\allegrohand\3-1. bhand_visual_studio_20231016\bhand\BHand\BHandGain.cpp(568,35): warning C4244: '인수': 'double'에서 'float'(으)로 변환하면서 데이터가 손실될 수 있습니다.
C:\allegrohand\3-1. bhand_visual_studio_20231016\bhand\BHand\BHandGain.cpp(569,35): warning C4244: '인수': 'double'에서 'float'(으)로 변환하면서 데이터가 손실될 수 있습니다.
C:\allegrohand\3-1. bhand_visual_studio_20231016\bhand\BHand\BHandGain.cpp(571,35): warning C4244: '인수': 'double'에서 'float'(으)로 변환하면서 데이터가 손실될 수 있습니다.
C:\allegrohand\3-1. bhand_visual_studio_20231016\bhand\BHand\BHandGain.cpp(572,35): warning C4244: '인수': 'double'에서 'float'(으)로 변환하면서 데이터가 손실될 수 있습니다.
C:\allegrohand\3-1. bhand_visual_studio_20231016\bhand\BHand\BHandGain.cpp(573,35): warning C4244: '인수': 'double'에서 'float'(으)로 변환하면서 데이터가 손실될 수 있습니다.
C:\allegrohand\3-1. bhand_visual_studio_20231016\bhand\BHand\BHandGain.cpp(574,35): warning C4244: '인수': 'double'에서 'float'(으)로 변환하면서 데이터가 손실될 수 있습니다.
     C:\allegrohand\3-1. bhand_visual_studio_20231016\bhand\BHand\Release\libBHand.lib 라이브러리 및 C:\allegrohand\3-1. bhand_visual_studio_20231016\bhand\BHand\Release\libBHand.exp 개체를 생성하고 있습니다.
  코드를 생성하고 있습니다.
  Previous IPDB not found, fall back to full compilation.
  All 43 functions were compiled because no usable IPDB/IOBJ from previous compilation was found.
  코드를 생성했습니다.
  BHand.vcxproj -> C:\allegrohand\3-1. bhand_visual_studio_20231016\bhand\BHand\Release\libBHand.dll
